D:\CODE\MYPROGRAM\VIDEOPARSER\DEBUG\VIDEOPARSER.EXE
D:\CODE\MYPROGRAM\VIDEOPARSER\DEBUG\VIDEOPARSER.ILK
D:\CODE\MYPROGRAM\VIDEOPARSER\DEBUG\VIDEOPARSER.PDB
D:\Code\MyProgram\videoParser\videoParser\Debug\cl.command.1.tlog
D:\Code\MyProgram\videoParser\videoParser\Debug\CL.read.1.tlog
D:\Code\MyProgram\videoParser\videoParser\Debug\CL.write.1.tlog
D:\Code\MyProgram\videoParser\videoParser\Debug\link.13036.read.1.tlog
D:\Code\MyProgram\videoParser\videoParser\Debug\link.13036.write.1.tlog
D:\Code\MyProgram\videoParser\videoParser\Debug\link.13036-cvtres.read.1.tlog
D:\Code\MyProgram\videoParser\videoParser\Debug\link.13036-cvtres.write.1.tlog
D:\Code\MyProgram\videoParser\videoParser\Debug\link.13968.read.1.tlog
D:\Code\MyProgram\videoParser\videoParser\Debug\link.13968.write.1.tlog
D:\Code\MyProgram\videoParser\videoParser\Debug\link.13968-cvtres.read.1.tlog
D:\Code\MyProgram\videoParser\videoParser\Debug\link.13968-cvtres.write.1.tlog
D:\Code\MyProgram\videoParser\videoParser\Debug\link.3668.read.1.tlog
D:\Code\MyProgram\videoParser\videoParser\Debug\link.3668.write.1.tlog
D:\Code\MyProgram\videoParser\videoParser\Debug\link.3668-cvtres.read.1.tlog
D:\Code\MyProgram\videoParser\videoParser\Debug\link.3668-cvtres.write.1.tlog
D:\Code\MyProgram\videoParser\videoParser\Debug\link.command.1.tlog
D:\Code\MyProgram\videoParser\videoParser\Debug\link.read.1.tlog
D:\Code\MyProgram\videoParser\videoParser\Debug\link.write.1.tlog
D:\Code\MyProgram\videoParser\videoParser\Debug\link-cvtres.read.1.tlog
D:\Code\MyProgram\videoParser\videoParser\Debug\link-cvtres.write.1.tlog
D:\CODE\MYPROGRAM\VIDEOPARSER\VIDEOPARSER\DEBUG\MEDIADATAPARSER.OBJ
D:\Code\MyProgram\videoParser\videoParser\Debug\mt.command.1.tlog
D:\Code\MyProgram\videoParser\videoParser\Debug\mt.read.1.tlog
D:\Code\MyProgram\videoParser\videoParser\Debug\mt.write.1.tlog
D:\Code\MyProgram\videoParser\videoParser\Debug\rc.command.1.tlog
D:\Code\MyProgram\videoParser\videoParser\Debug\rc.read.1.tlog
D:\Code\MyProgram\videoParser\videoParser\Debug\rc.write.1.tlog
D:\CODE\MYPROGRAM\VIDEOPARSER\VIDEOPARSER\DEBUG\STDAFX.OBJ
D:\Code\MyProgram\videoParser\videoParser\Debug\vc100.idb
D:\CODE\MYPROGRAM\VIDEOPARSER\VIDEOPARSER\DEBUG\VC100.PDB
D:\CODE\MYPROGRAM\VIDEOPARSER\VIDEOPARSER\DEBUG\VIDEOPARSER.EXE.EMBED.MANIFEST
D:\CODE\MYPROGRAM\VIDEOPARSER\VIDEOPARSER\DEBUG\VIDEOPARSER.EXE.EMBED.MANIFEST.RES
D:\CODE\MYPROGRAM\VIDEOPARSER\VIDEOPARSER\DEBUG\VIDEOPARSER.EXE.INTERMEDIATE.MANIFEST
D:\CODE\MYPROGRAM\VIDEOPARSER\VIDEOPARSER\DEBUG\VIDEOPARSER.OBJ
D:\CODE\MYPROGRAM\VIDEOPARSER\VIDEOPARSER\DEBUG\VIDEOPARSER.PCH
D:\Code\MyProgram\videoParser\videoParser\Debug\videoParser.vcxprojResolveAssemblyReference.cache
D:\Code\MyProgram\videoParser\videoParser\Debug\videoParser.write.1.tlog
D:\Code\MyProgram\videoParser\videoParser\Debug\videoParser_manifest.rc
