Build started 2020/1/22 16:10:29.
     1>Project "D:\Code\MyProgram\VideoParser\videoParser\videoParser.vcxproj" on node 2 (build target(s)).
     1>InitializeBuildStatus:
         Creating "Debug\videoParser.unsuccessfulbuild" because "AlwaysCreate" was specified.
       ClCompile:
         All outputs are up-to-date.
         D:\Program Files (x86)\Microsoft Visual Studio 10.0\VC\bin\CL.exe /c /ZI /nologo /W3 /WX- /Od /Oy- /D WIN32 /D _DEBUG /D _CONSOLE /D _UNICODE /D UNICODE /Gm /EHsc /RTC1 /MDd /GS /fp:precise /Zc:wchar_t /Zc:forScope /Yu"StdAfx.h" /Fp"Debug\videoParser.pch" /Fo"Debug\\" /Fd"Debug\vc100.pdb" /Gd /TP /analyze- /errorReport:prompt MediaDataParser.cpp
         MediaDataParser.cpp
     1>d:\code\myprogram\videoparser\videoparser\mediadataparser.cpp(226): warning C4018: '<' : signed/unsigned mismatch
     1>d:\code\myprogram\videoparser\videoparser\mediadataparser.cpp(275): warning C4018: '<=' : signed/unsigned mismatch
     1>d:\code\myprogram\videoparser\videoparser\mediadataparser.cpp(333): warning C4018: '<' : signed/unsigned mismatch
     1>d:\code\myprogram\videoparser\videoparser\mediadataparser.cpp(344): warning C4018: '<' : signed/unsigned mismatch
     1>d:\code\myprogram\videoparser\videoparser\mediadataparser.cpp(392): warning C4018: '<' : signed/unsigned mismatch
     1>d:\code\myprogram\videoparser\videoparser\mediadataparser.cpp(399): warning C4018: '<' : signed/unsigned mismatch
     1>d:\code\myprogram\videoparser\videoparser\mediadataparser.cpp(540): warning C4996: 'fopen': This function or variable may be unsafe. Consider using fopen_s instead. To disable deprecation, use _CRT_SECURE_NO_WARNINGS. See online help for details.
                 d:\program files (x86)\microsoft visual studio 10.0\vc\include\stdio.h(234) : see declaration of 'fopen'
     1>d:\code\myprogram\videoparser\videoparser\mediadataparser.cpp(545): warning C4996: 'fopen': This function or variable may be unsafe. Consider using fopen_s instead. To disable deprecation, use _CRT_SECURE_NO_WARNINGS. See online help for details.
                 d:\program files (x86)\microsoft visual studio 10.0\vc\include\stdio.h(234) : see declaration of 'fopen'
       ManifestResourceCompile:
         All outputs are up-to-date.
       Link:
         D:\Program Files (x86)\Microsoft Visual Studio 10.0\VC\bin\link.exe /ERRORREPORT:PROMPT /OUT:"D:\Code\MyProgram\VideoParser\Debug\videoParser.exe" /INCREMENTAL /NOLOGO kernel32.lib user32.lib gdi32.lib winspool.lib comdlg32.lib advapi32.lib shell32.lib ole32.lib oleaut32.lib uuid.lib odbc32.lib odbccp32.lib /MANIFEST /ManifestFile:"Debug\videoParser.exe.intermediate.manifest" /MANIFESTUAC:"level='asInvoker' uiAccess='false'" /DEBUG /PDB:"D:\Code\MyProgram\VideoParser\Debug\videoParser.pdb" /SUBSYSTEM:CONSOLE /TLBID:1 /DYNAMICBASE /NXCOMPAT /IMPLIB:"D:\Code\MyProgram\VideoParser\Debug\videoParser.lib" /MACHINE:X86 Debug\videoParser.exe.embed.manifest.res
         Debug\Descriptor.obj
         Debug\MediaDataParser.obj
         Debug\stdafx.obj
         Debug\videoParser.obj
       Manifest:
         C:\Program Files (x86)\Microsoft SDKs\Windows\v7.0A\bin\mt.exe /nologo /verbose /out:"Debug\videoParser.exe.embed.manifest" /manifest Debug\videoParser.exe.intermediate.manifest
         All outputs are up-to-date.
       LinkEmbedManifest:
         All outputs are up-to-date.
         videoParser.vcxproj -> D:\Code\MyProgram\VideoParser\Debug\videoParser.exe
       FinalizeBuildStatus:
         Deleting file "Debug\videoParser.unsuccessfulbuild".
         Touching "Debug\videoParser.lastbuildstate".
     1>Done Building Project "D:\Code\MyProgram\VideoParser\videoParser\videoParser.vcxproj" (build target(s)).

Build succeeded.

Time Elapsed 00:00:00.87
